2020-05-28 02:07:49.760-[Thread-2] INFO  o.s.s.c.ThreadPoolTaskExecutor - Shutting down ExecutorService 'applicationTaskExecutor'
2020-05-28 02:07:49.775-[Thread-2] INFO  o.s.o.j.LocalContainerEntityManagerFactoryBean - Closing JPA EntityManagerFactory for persistence unit 'default'
2020-05-28 02:07:49.791-[Thread-2] INFO  c.z.hikari.HikariDataSource - HikariPool-1 - Shutdown initiated...
2020-05-28 02:07:49.807-[Thread-2] INFO  c.z.hikari.HikariDataSource - HikariPool-1 - Shutdown completed.
2020-05-28 02:07:55.535-[main] INFO  com.sdt.dapp.DappApplication - Starting DappApplication on DESKTOP-7NFGT2P with PID 4184 (D:\javaProject\BankCertApp\target\classes started by sdt in D:\javaProject\BankCertApp)
2020-05-28 02:07:55.535-[main] INFO  com.sdt.dapp.DappApplication - No active profile set, falling back to default profiles: default
2020-05-28 02:07:56.145-[main] INFO  o.s.d.r.c.RepositoryConfigurationDelegate - Bootstrapping Spring Data repositories in DEFAULT mode.
2020-05-28 02:07:56.192-[main] INFO  o.s.d.r.c.RepositoryConfigurationDelegate - Finished Spring Data repository scanning in 47ms. Found 3 repository interfaces.
2020-05-28 02:07:56.380-[main] INFO  o.s.c.s.PostProcessorRegistrationDelegate$BeanPostProcessorChecker - Bean 'org.springframework.transaction.annotation.ProxyTransactionManagementConfiguration' of type [org.springframework.transaction.annotation.ProxyTransactionManagementConfiguration$$EnhancerBySpringCGLIB$$39160f7b] is not eligible for getting processed by all BeanPostProcessors (for example: not eligible for auto-proxying)
2020-05-28 02:07:56.583-[main] INFO  o.s.b.w.e.t.TomcatWebServer - Tomcat initialized with port(s): 9092 (http)
2020-05-28 02:07:56.598-[main] INFO  o.a.c.http11.Http11NioProtocol - Initializing ProtocolHandler ["http-nio-9092"]
2020-05-28 02:07:56.614-[main] INFO  o.a.c.core.StandardService - Starting service [Tomcat]
2020-05-28 02:07:56.614-[main] INFO  o.a.c.core.StandardEngine - Starting Servlet engine: [Apache Tomcat/9.0.16]
2020-05-28 02:07:56.614-[main] INFO  o.a.c.c.AprLifecycleListener - The APR based Apache Tomcat Native library which allows optimal performance in production environments was not found on the java.library.path: [C:\Program Files\Java\jdk-12.0.2\bin;C:\WINDOWS\Sun\Java\bin;C:\WINDOWS\system32;C:\WINDOWS;C:\Program Files\Java\jdk-12.0.2\\bin;C:\WINDOWS\system32;C:\WINDOWS;C:\WINDOWS\System32\Wbem;C:\WINDOWS\System32\WindowsPowerShell\v1.0\;C:\Program Files\IDM Computer Solutions\UltraEdit;C:\Program Files\Git\cmd;C:\Go\bin;C:\MinGW\bin;C:\Program Files\dotnet\;C:\Program Files\Microsoft SQL Server\130\Tools\Binn\;D:\goProject\src\protoc-3.9.0-win64\bin;C:\Program Files\VisualSVN Server\bin;C:\WINDOWS\System32\OpenSSH\;C:\Program Files\MySQL\MySQL Server 5.5\bin;C:\openssl\bin;C:\Users\sdt\AppData\Local\Microsoft\WindowsApps;C:\Program Files\JetBrains\GoLand 2019.1.3\bin;C:\Go\bin;C:\MinGW\bin;C:\Users\sdt\AppData\Local\BypassRuntm;C:\Users\sdt\AppData\Local\Microsoft\WindowsApps;E:\mysql-8.0.19-winx64\bin;C:\Program Files\JetBrains\IntelliJ IDEA 2019.2.3\bin;;;.]
2020-05-28 02:07:56.755-[main] INFO  o.a.c.c.C.[.[localhost].[/] - Initializing Spring embedded WebApplicationContext
2020-05-28 02:07:56.755-[main] INFO  o.s.web.context.ContextLoader - Root WebApplicationContext: initialization completed in 1189 ms
2020-05-28 02:07:56.833-[main] INFO  c.z.hikari.HikariDataSource - HikariPool-1 - Starting...
2020-05-28 02:07:56.895-[main] INFO  c.z.hikari.HikariDataSource - HikariPool-1 - Start completed.
2020-05-28 02:07:56.911-[main] INFO  o.h.j.internal.util.LogHelper - HHH000204: Processing PersistenceUnitInfo [
	name: default
	...]
2020-05-28 02:07:56.942-[main] INFO  org.hibernate.Version - HHH000412: Hibernate Core {5.3.7.Final}
2020-05-28 02:07:56.942-[main] INFO  org.hibernate.cfg.Environment - HHH000206: hibernate.properties not found
2020-05-28 02:07:57.020-[main] INFO  o.h.annotations.common.Version - HCANN000001: Hibernate Commons Annotations {5.0.4.Final}
2020-05-28 02:07:57.098-[main] INFO  org.hibernate.dialect.Dialect - HHH000400: Using dialect: org.hibernate.dialect.MySQL5Dialect
2020-05-28 02:07:57.562-[main] INFO  o.s.o.j.LocalContainerEntityManagerFactoryBean - Initialized JPA EntityManagerFactory for persistence unit 'default'
2020-05-28 02:07:57.905-[main] INFO  o.s.s.c.ThreadPoolTaskExecutor - Initializing ExecutorService 'applicationTaskExecutor'
2020-05-28 02:07:57.984-[main] INFO  o.s.b.a.w.s.WelcomePageHandlerMapping - Adding welcome page template: index
2020-05-28 02:07:58.046-[main] INFO  o.a.c.http11.Http11NioProtocol - Starting ProtocolHandler ["http-nio-9092"]
2020-05-28 02:07:58.062-[main] INFO  o.s.b.w.e.t.TomcatWebServer - Tomcat started on port(s): 9092 (http) with context path ''
2020-05-28 02:07:58.093-[main] INFO  com.sdt.dapp.DappApplication - Started DappApplication in 2.73 seconds (JVM running for 3.465)
2020-05-28 02:08:09.766-[http-nio-9092-exec-1] INFO  o.a.c.c.C.[.[localhost].[/] - Initializing Spring DispatcherServlet 'dispatcherServlet'
2020-05-28 02:08:09.767-[http-nio-9092-exec-1] INFO  o.s.w.s.DispatcherServlet - Initializing Servlet 'dispatcherServlet'
2020-05-28 02:08:09.771-[http-nio-9092-exec-1] INFO  o.s.w.s.DispatcherServlet - Completed initialization in 4 ms
2020-05-28 02:08:15.851-[http-nio-9092-exec-1] INFO  o.h.h.i.QueryTranslatorFactoryInitiator - HHH000397: Using ASTQueryTranslatorFactory
2020-05-28 02:13:08.526-[Thread-2] INFO  o.s.s.c.ThreadPoolTaskExecutor - Shutting down ExecutorService 'applicationTaskExecutor'
2020-05-28 02:13:08.526-[Thread-2] INFO  o.s.o.j.LocalContainerEntityManagerFactoryBean - Closing JPA EntityManagerFactory for persistence unit 'default'
2020-05-28 02:13:08.526-[Thread-2] INFO  c.z.hikari.HikariDataSource - HikariPool-1 - Shutdown initiated...
2020-05-28 02:13:08.526-[Thread-2] INFO  c.z.hikari.HikariDataSource - HikariPool-1 - Shutdown completed.
2020-05-28 02:13:11.291-[main] INFO  com.sdt.dapp.DappApplication - Starting DappApplication on DESKTOP-7NFGT2P with PID 9160 (D:\javaProject\BankCertApp\target\classes started by sdt in D:\javaProject\BankCertApp)
2020-05-28 02:13:11.291-[main] INFO  com.sdt.dapp.DappApplication - No active profile set, falling back to default profiles: default
2020-05-28 02:13:11.697-[main] INFO  o.s.d.r.c.RepositoryConfigurationDelegate - Bootstrapping Spring Data repositories in DEFAULT mode.
2020-05-28 02:13:11.744-[main] INFO  o.s.d.r.c.RepositoryConfigurationDelegate - Finished Spring Data repository scanning in 31ms. Found 3 repository interfaces.
2020-05-28 02:13:11.931-[main] INFO  o.s.c.s.PostProcessorRegistrationDelegate$BeanPostProcessorChecker - Bean 'org.springframework.transaction.annotation.ProxyTransactionManagementConfiguration' of type [org.springframework.transaction.annotation.ProxyTransactionManagementConfiguration$$EnhancerBySpringCGLIB$$930ffd7d] is not eligible for getting processed by all BeanPostProcessors (for example: not eligible for auto-proxying)
2020-05-28 02:13:12.135-[main] INFO  o.s.b.w.e.t.TomcatWebServer - Tomcat initialized with port(s): 9092 (http)
2020-05-28 02:13:12.150-[main] INFO  o.a.c.http11.Http11NioProtocol - Initializing ProtocolHandler ["http-nio-9092"]
2020-05-28 02:13:12.150-[main] INFO  o.a.c.core.StandardService - Starting service [Tomcat]
2020-05-28 02:13:12.150-[main] INFO  o.a.c.core.StandardEngine - Starting Servlet engine: [Apache Tomcat/9.0.16]
2020-05-28 02:13:12.166-[main] INFO  o.a.c.c.AprLifecycleListener - The APR based Apache Tomcat Native library which allows optimal performance in production environments was not found on the java.library.path: [C:\Program Files\Java\jdk-12.0.2\bin;C:\WINDOWS\Sun\Java\bin;C:\WINDOWS\system32;C:\WINDOWS;C:\Program Files\Java\jdk-12.0.2\\bin;C:\WINDOWS\system32;C:\WINDOWS;C:\WINDOWS\System32\Wbem;C:\WINDOWS\System32\WindowsPowerShell\v1.0\;C:\Program Files\IDM Computer Solutions\UltraEdit;C:\Program Files\Git\cmd;C:\Go\bin;C:\MinGW\bin;C:\Program Files\dotnet\;C:\Program Files\Microsoft SQL Server\130\Tools\Binn\;D:\goProject\src\protoc-3.9.0-win64\bin;C:\Program Files\VisualSVN Server\bin;C:\WINDOWS\System32\OpenSSH\;C:\Program Files\MySQL\MySQL Server 5.5\bin;C:\openssl\bin;C:\Users\sdt\AppData\Local\Microsoft\WindowsApps;C:\Program Files\JetBrains\GoLand 2019.1.3\bin;C:\Go\bin;C:\MinGW\bin;C:\Users\sdt\AppData\Local\BypassRuntm;C:\Users\sdt\AppData\Local\Microsoft\WindowsApps;E:\mysql-8.0.19-winx64\bin;C:\Program Files\JetBrains\IntelliJ IDEA 2019.2.3\bin;;;.]
2020-05-28 02:13:12.275-[main] INFO  o.a.c.c.C.[.[localhost].[/] - Initializing Spring embedded WebApplicationContext
2020-05-28 02:13:12.275-[main] INFO  o.s.web.context.ContextLoader - Root WebApplicationContext: initialization completed in 953 ms
2020-05-28 02:13:12.369-[main] INFO  c.z.hikari.HikariDataSource - HikariPool-1 - Starting...
2020-05-28 02:13:12.431-[main] INFO  c.z.hikari.HikariDataSource - HikariPool-1 - Start completed.
2020-05-28 02:13:12.447-[main] INFO  o.h.j.internal.util.LogHelper - HHH000204: Processing PersistenceUnitInfo [
	name: default
	...]
2020-05-28 02:13:12.494-[main] INFO  org.hibernate.Version - HHH000412: Hibernate Core {5.3.7.Final}
2020-05-28 02:13:12.494-[main] INFO  org.hibernate.cfg.Environment - HHH000206: hibernate.properties not found
2020-05-28 02:13:12.572-[main] INFO  o.h.annotations.common.Version - HCANN000001: Hibernate Commons Annotations {5.0.4.Final}
2020-05-28 02:13:12.634-[main] INFO  org.hibernate.dialect.Dialect - HHH000400: Using dialect: org.hibernate.dialect.MySQL5Dialect
2020-05-28 02:13:13.014-[main] INFO  o.s.o.j.LocalContainerEntityManagerFactoryBean - Initialized JPA EntityManagerFactory for persistence unit 'default'
2020-05-28 02:13:13.326-[main] INFO  o.s.s.c.ThreadPoolTaskExecutor - Initializing ExecutorService 'applicationTaskExecutor'
2020-05-28 02:13:13.420-[main] INFO  o.s.b.a.w.s.WelcomePageHandlerMapping - Adding welcome page template: index
2020-05-28 02:13:13.467-[main] INFO  o.a.c.http11.Http11NioProtocol - Starting ProtocolHandler ["http-nio-9092"]
2020-05-28 02:13:13.482-[main] INFO  o.s.b.w.e.t.TomcatWebServer - Tomcat started on port(s): 9092 (http) with context path ''
2020-05-28 02:13:13.482-[main] INFO  com.sdt.dapp.DappApplication - Started DappApplication in 2.394 seconds (JVM running for 3.272)
2020-05-28 02:13:21.390-[http-nio-9092-exec-1] INFO  o.a.c.c.C.[.[localhost].[/] - Initializing Spring DispatcherServlet 'dispatcherServlet'
2020-05-28 02:13:21.391-[http-nio-9092-exec-1] INFO  o.s.w.s.DispatcherServlet - Initializing Servlet 'dispatcherServlet'
2020-05-28 02:13:21.396-[http-nio-9092-exec-1] INFO  o.s.w.s.DispatcherServlet - Completed initialization in 5 ms
2020-05-28 02:13:26.222-[http-nio-9092-exec-10] INFO  o.h.h.i.QueryTranslatorFactoryInitiator - HHH000397: Using ASTQueryTranslatorFactory
2020-05-28 02:18:34.150-[Thread-2] INFO  o.s.s.c.ThreadPoolTaskExecutor - Shutting down ExecutorService 'applicationTaskExecutor'
2020-05-28 02:18:34.150-[Thread-2] INFO  o.s.o.j.LocalContainerEntityManagerFactoryBean - Closing JPA EntityManagerFactory for persistence unit 'default'
2020-05-28 02:18:34.150-[Thread-2] INFO  c.z.hikari.HikariDataSource - HikariPool-1 - Shutdown initiated...
2020-05-28 02:18:34.150-[Thread-2] INFO  c.z.hikari.HikariDataSource - HikariPool-1 - Shutdown completed.
2020-05-28 02:18:37.684-[main] INFO  com.sdt.dapp.DappApplication - Starting DappApplication on DESKTOP-7NFGT2P with PID 13928 (D:\javaProject\BankCertApp\target\classes started by sdt in D:\javaProject\BankCertApp)
2020-05-28 02:18:37.686-[main] INFO  com.sdt.dapp.DappApplication - No active profile set, falling back to default profiles: default
2020-05-28 02:18:38.081-[main] INFO  o.s.d.r.c.RepositoryConfigurationDelegate - Bootstrapping Spring Data repositories in DEFAULT mode.
2020-05-28 02:18:38.132-[main] INFO  o.s.d.r.c.RepositoryConfigurationDelegate - Finished Spring Data repository scanning in 38ms. Found 3 repository interfaces.
2020-05-28 02:18:38.328-[main] INFO  o.s.c.s.PostProcessorRegistrationDelegate$BeanPostProcessorChecker - Bean 'org.springframework.transaction.annotation.ProxyTransactionManagementConfiguration' of type [org.springframework.transaction.annotation.ProxyTransactionManagementConfiguration$$EnhancerBySpringCGLIB$$a22a5d0e] is not eligible for getting processed by all BeanPostProcessors (for example: not eligible for auto-proxying)
2020-05-28 02:18:38.532-[main] INFO  o.s.b.w.e.t.TomcatWebServer - Tomcat initialized with port(s): 9092 (http)
2020-05-28 02:18:38.540-[main] INFO  o.a.c.http11.Http11NioProtocol - Initializing ProtocolHandler ["http-nio-9092"]
2020-05-28 02:18:38.540-[main] INFO  o.a.c.core.StandardService - Starting service [Tomcat]
2020-05-28 02:18:38.540-[main] INFO  o.a.c.core.StandardEngine - Starting Servlet engine: [Apache Tomcat/9.0.16]
2020-05-28 02:18:38.540-[main] INFO  o.a.c.c.AprLifecycleListener - The APR based Apache Tomcat Native library which allows optimal performance in production environments was not found on the java.library.path: [C:\Program Files\Java\jdk-12.0.2\bin;C:\WINDOWS\Sun\Java\bin;C:\WINDOWS\system32;C:\WINDOWS;C:\Program Files\Java\jdk-12.0.2\\bin;C:\WINDOWS\system32;C:\WINDOWS;C:\WINDOWS\System32\Wbem;C:\WINDOWS\System32\WindowsPowerShell\v1.0\;C:\Program Files\IDM Computer Solutions\UltraEdit;C:\Program Files\Git\cmd;C:\Go\bin;C:\MinGW\bin;C:\Program Files\dotnet\;C:\Program Files\Microsoft SQL Server\130\Tools\Binn\;D:\goProject\src\protoc-3.9.0-win64\bin;C:\Program Files\VisualSVN Server\bin;C:\WINDOWS\System32\OpenSSH\;C:\Program Files\MySQL\MySQL Server 5.5\bin;C:\openssl\bin;C:\Users\sdt\AppData\Local\Microsoft\WindowsApps;C:\Program Files\JetBrains\GoLand 2019.1.3\bin;C:\Go\bin;C:\MinGW\bin;C:\Users\sdt\AppData\Local\BypassRuntm;C:\Users\sdt\AppData\Local\Microsoft\WindowsApps;E:\mysql-8.0.19-winx64\bin;C:\Program Files\JetBrains\IntelliJ IDEA 2019.2.3\bin;;;.]
2020-05-28 02:18:38.663-[main] INFO  o.a.c.c.C.[.[localhost].[/] - Initializing Spring embedded WebApplicationContext
2020-05-28 02:18:38.663-[main] INFO  o.s.web.context.ContextLoader - Root WebApplicationContext: initialization completed in 957 ms
2020-05-28 02:18:38.750-[main] INFO  c.z.hikari.HikariDataSource - HikariPool-1 - Starting...
2020-05-28 02:18:38.816-[main] INFO  c.z.hikari.HikariDataSource - HikariPool-1 - Start completed.
2020-05-28 02:18:38.843-[main] INFO  o.h.j.internal.util.LogHelper - HHH000204: Processing PersistenceUnitInfo [
	name: default
	...]
2020-05-28 02:18:38.879-[main] INFO  org.hibernate.Version - HHH000412: Hibernate Core {5.3.7.Final}
2020-05-28 02:18:38.880-[main] INFO  org.hibernate.cfg.Environment - HHH000206: hibernate.properties not found
2020-05-28 02:18:38.965-[main] INFO  o.h.annotations.common.Version - HCANN000001: Hibernate Commons Annotations {5.0.4.Final}
2020-05-28 02:18:39.038-[main] INFO  org.hibernate.dialect.Dialect - HHH000400: Using dialect: org.hibernate.dialect.MySQL5Dialect
2020-05-28 02:18:39.417-[main] INFO  o.s.o.j.LocalContainerEntityManagerFactoryBean - Initialized JPA EntityManagerFactory for persistence unit 'default'
2020-05-28 02:18:39.749-[main] INFO  o.s.s.c.ThreadPoolTaskExecutor - Initializing ExecutorService 'applicationTaskExecutor'
2020-05-28 02:18:39.835-[main] INFO  o.s.b.a.w.s.WelcomePageHandlerMapping - Adding welcome page template: index
2020-05-28 02:18:39.899-[main] INFO  o.a.c.http11.Http11NioProtocol - Starting ProtocolHandler ["http-nio-9092"]
2020-05-28 02:18:39.913-[main] INFO  o.s.b.w.e.t.TomcatWebServer - Tomcat started on port(s): 9092 (http) with context path ''
2020-05-28 02:18:39.915-[main] INFO  com.sdt.dapp.DappApplication - Started DappApplication in 2.435 seconds (JVM running for 3.091)
2020-05-28 02:18:41.849-[http-nio-9092-exec-1] INFO  o.a.c.c.C.[.[localhost].[/] - Initializing Spring DispatcherServlet 'dispatcherServlet'
2020-05-28 02:18:41.849-[http-nio-9092-exec-1] INFO  o.s.w.s.DispatcherServlet - Initializing Servlet 'dispatcherServlet'
2020-05-28 02:18:41.854-[http-nio-9092-exec-1] INFO  o.s.w.s.DispatcherServlet - Completed initialization in 5 ms
2020-05-28 02:18:46.568-[http-nio-9092-exec-1] INFO  o.h.h.i.QueryTranslatorFactoryInitiator - HHH000397: Using ASTQueryTranslatorFactory
2020-05-28 02:23:25.845-[Thread-2] INFO  o.s.s.c.ThreadPoolTaskExecutor - Shutting down ExecutorService 'applicationTaskExecutor'
2020-05-28 02:23:25.845-[Thread-2] INFO  o.s.o.j.LocalContainerEntityManagerFactoryBean - Closing JPA EntityManagerFactory for persistence unit 'default'
2020-05-28 02:23:25.845-[Thread-2] INFO  c.z.hikari.HikariDataSource - HikariPool-1 - Shutdown initiated...
2020-05-28 02:23:25.845-[Thread-2] INFO  c.z.hikari.HikariDataSource - HikariPool-1 - Shutdown completed.
2020-05-28 02:23:28.391-[main] INFO  com.sdt.dapp.DappApplication - Starting DappApplication on DESKTOP-7NFGT2P with PID 10920 (D:\javaProject\BankCertApp\target\classes started by sdt in D:\javaProject\BankCertApp)
2020-05-28 02:23:28.391-[main] INFO  com.sdt.dapp.DappApplication - No active profile set, falling back to default profiles: default
2020-05-28 02:23:28.766-[main] INFO  o.s.d.r.c.RepositoryConfigurationDelegate - Bootstrapping Spring Data repositories in DEFAULT mode.
2020-05-28 02:23:28.813-[main] INFO  o.s.d.r.c.RepositoryConfigurationDelegate - Finished Spring Data repository scanning in 47ms. Found 3 repository interfaces.
2020-05-28 02:23:28.985-[main] INFO  o.s.c.s.PostProcessorRegistrationDelegate$BeanPostProcessorChecker - Bean 'org.springframework.transaction.annotation.ProxyTransactionManagementConfiguration' of type [org.springframework.transaction.annotation.ProxyTransactionManagementConfiguration$$EnhancerBySpringCGLIB$$9f54ecd2] is not eligible for getting processed by all BeanPostProcessors (for example: not eligible for auto-proxying)
2020-05-28 02:23:29.188-[main] INFO  o.s.b.w.e.t.TomcatWebServer - Tomcat initialized with port(s): 9092 (http)
2020-05-28 02:23:29.204-[main] INFO  o.a.c.http11.Http11NioProtocol - Initializing ProtocolHandler ["http-nio-9092"]
2020-05-28 02:23:29.204-[main] INFO  o.a.c.core.StandardService - Starting service [Tomcat]
2020-05-28 02:23:29.204-[main] INFO  o.a.c.core.StandardEngine - Starting Servlet engine: [Apache Tomcat/9.0.16]
2020-05-28 02:23:29.204-[main] INFO  o.a.c.c.AprLifecycleListener - The APR based Apache Tomcat Native library which allows optimal performance in production environments was not found on the java.library.path: [C:\Program Files\Java\jdk-12.0.2\bin;C:\WINDOWS\Sun\Java\bin;C:\WINDOWS\system32;C:\WINDOWS;C:\Program Files\Java\jdk-12.0.2\\bin;C:\WINDOWS\system32;C:\WINDOWS;C:\WINDOWS\System32\Wbem;C:\WINDOWS\System32\WindowsPowerShell\v1.0\;C:\Program Files\IDM Computer Solutions\UltraEdit;C:\Program Files\Git\cmd;C:\Go\bin;C:\MinGW\bin;C:\Program Files\dotnet\;C:\Program Files\Microsoft SQL Server\130\Tools\Binn\;D:\goProject\src\protoc-3.9.0-win64\bin;C:\Program Files\VisualSVN Server\bin;C:\WINDOWS\System32\OpenSSH\;C:\Program Files\MySQL\MySQL Server 5.5\bin;C:\openssl\bin;C:\Users\sdt\AppData\Local\Microsoft\WindowsApps;C:\Program Files\JetBrains\GoLand 2019.1.3\bin;C:\Go\bin;C:\MinGW\bin;C:\Users\sdt\AppData\Local\BypassRuntm;C:\Users\sdt\AppData\Local\Microsoft\WindowsApps;E:\mysql-8.0.19-winx64\bin;C:\Program Files\JetBrains\IntelliJ IDEA 2019.2.3\bin;;;.]
2020-05-28 02:23:29.344-[main] INFO  o.a.c.c.C.[.[localhost].[/] - Initializing Spring embedded WebApplicationContext
2020-05-28 02:23:29.344-[main] INFO  o.s.web.context.ContextLoader - Root WebApplicationContext: initialization completed in 937 ms
2020-05-28 02:23:29.423-[main] INFO  c.z.hikari.HikariDataSource - HikariPool-1 - Starting...
2020-05-28 02:23:29.485-[main] INFO  c.z.hikari.HikariDataSource - HikariPool-1 - Start completed.
2020-05-28 02:23:29.516-[main] INFO  o.h.j.internal.util.LogHelper - HHH000204: Processing PersistenceUnitInfo [
	name: default
	...]
2020-05-28 02:23:29.547-[main] INFO  org.hibernate.Version - HHH000412: Hibernate Core {5.3.7.Final}
2020-05-28 02:23:29.547-[main] INFO  org.hibernate.cfg.Environment - HHH000206: hibernate.properties not found
2020-05-28 02:23:29.626-[main] INFO  o.h.annotations.common.Version - HCANN000001: Hibernate Commons Annotations {5.0.4.Final}
2020-05-28 02:23:29.688-[main] INFO  org.hibernate.dialect.Dialect - HHH000400: Using dialect: org.hibernate.dialect.MySQL5Dialect
2020-05-28 02:23:30.078-[main] INFO  o.s.o.j.LocalContainerEntityManagerFactoryBean - Initialized JPA EntityManagerFactory for persistence unit 'default'
2020-05-28 02:23:30.390-[main] INFO  o.s.s.c.ThreadPoolTaskExecutor - Initializing ExecutorService 'applicationTaskExecutor'
2020-05-28 02:23:30.468-[main] INFO  o.s.b.a.w.s.WelcomePageHandlerMapping - Adding welcome page template: index
2020-05-28 02:23:30.531-[main] INFO  o.a.c.http11.Http11NioProtocol - Starting ProtocolHandler ["http-nio-9092"]
2020-05-28 02:23:30.546-[main] INFO  o.s.b.w.e.t.TomcatWebServer - Tomcat started on port(s): 9092 (http) with context path ''
2020-05-28 02:23:30.546-[main] INFO  com.sdt.dapp.DappApplication - Started DappApplication in 2.358 seconds (JVM running for 3.016)
2020-05-28 02:23:40.417-[http-nio-9092-exec-1] INFO  o.a.c.c.C.[.[localhost].[/] - Initializing Spring DispatcherServlet 'dispatcherServlet'
2020-05-28 02:23:40.418-[http-nio-9092-exec-1] INFO  o.s.w.s.DispatcherServlet - Initializing Servlet 'dispatcherServlet'
2020-05-28 02:23:40.423-[http-nio-9092-exec-1] INFO  o.s.w.s.DispatcherServlet - Completed initialization in 5 ms
2020-05-28 02:23:44.895-[http-nio-9092-exec-10] INFO  o.h.h.i.QueryTranslatorFactoryInitiator - HHH000397: Using ASTQueryTranslatorFactory
2020-05-28 02:48:12.686-[Thread-2] INFO  o.s.s.c.ThreadPoolTaskExecutor - Shutting down ExecutorService 'applicationTaskExecutor'
2020-05-28 02:48:12.702-[Thread-2] INFO  o.s.o.j.LocalContainerEntityManagerFactoryBean - Closing JPA EntityManagerFactory for persistence unit 'default'
2020-05-28 02:48:12.702-[Thread-2] INFO  c.z.hikari.HikariDataSource - HikariPool-1 - Shutdown initiated...
2020-05-28 02:48:12.702-[Thread-2] INFO  c.z.hikari.HikariDataSource - HikariPool-1 - Shutdown completed.
2020-05-28 02:48:14.614-[main] INFO  com.sdt.dapp.DappApplication - Starting DappApplication on DESKTOP-7NFGT2P with PID 1676 (D:\javaProject\BankCertApp\target\classes started by sdt in D:\javaProject\BankCertApp)
2020-05-28 02:48:14.617-[main] INFO  com.sdt.dapp.DappApplication - No active profile set, falling back to default profiles: default
2020-05-28 02:48:15.027-[main] INFO  o.s.d.r.c.RepositoryConfigurationDelegate - Bootstrapping Spring Data repositories in DEFAULT mode.
2020-05-28 02:48:15.068-[main] INFO  o.s.d.r.c.RepositoryConfigurationDelegate - Finished Spring Data repository scanning in 37ms. Found 3 repository interfaces.
2020-05-28 02:48:15.254-[main] INFO  o.s.c.s.PostProcessorRegistrationDelegate$BeanPostProcessorChecker - Bean 'org.springframework.transaction.annotation.ProxyTransactionManagementConfiguration' of type [org.springframework.transaction.annotation.ProxyTransactionManagementConfiguration$$EnhancerBySpringCGLIB$$b2af2b23] is not eligible for getting processed by all BeanPostProcessors (for example: not eligible for auto-proxying)
2020-05-28 02:48:15.449-[main] INFO  o.s.b.w.e.t.TomcatWebServer - Tomcat initialized with port(s): 9092 (http)
2020-05-28 02:48:15.464-[main] INFO  o.a.c.http11.Http11NioProtocol - Initializing ProtocolHandler ["http-nio-9092"]
2020-05-28 02:48:15.464-[main] INFO  o.a.c.core.StandardService - Starting service [Tomcat]
2020-05-28 02:48:15.464-[main] INFO  o.a.c.core.StandardEngine - Starting Servlet engine: [Apache Tomcat/9.0.16]
2020-05-28 02:48:15.480-[main] INFO  o.a.c.c.AprLifecycleListener - The APR based Apache Tomcat Native library which allows optimal performance in production environments was not found on the java.library.path: [C:\Program Files\Java\jdk-12.0.2\bin;C:\WINDOWS\Sun\Java\bin;C:\WINDOWS\system32;C:\WINDOWS;C:\Program Files\Java\jdk-12.0.2\\bin;C:\WINDOWS\system32;C:\WINDOWS;C:\WINDOWS\System32\Wbem;C:\WINDOWS\System32\WindowsPowerShell\v1.0\;C:\Program Files\IDM Computer Solutions\UltraEdit;C:\Program Files\Git\cmd;C:\Go\bin;C:\MinGW\bin;C:\Program Files\dotnet\;C:\Program Files\Microsoft SQL Server\130\Tools\Binn\;D:\goProject\src\protoc-3.9.0-win64\bin;C:\Program Files\VisualSVN Server\bin;C:\WINDOWS\System32\OpenSSH\;C:\Program Files\MySQL\MySQL Server 5.5\bin;C:\openssl\bin;C:\Users\sdt\AppData\Local\Microsoft\WindowsApps;C:\Program Files\JetBrains\GoLand 2019.1.3\bin;C:\Go\bin;C:\MinGW\bin;C:\Users\sdt\AppData\Local\BypassRuntm;C:\Users\sdt\AppData\Local\Microsoft\WindowsApps;E:\mysql-8.0.19-winx64\bin;C:\Program Files\JetBrains\IntelliJ IDEA 2019.2.3\bin;;;.]
2020-05-28 02:48:15.589-[main] INFO  o.a.c.c.C.[.[localhost].[/] - Initializing Spring embedded WebApplicationContext
2020-05-28 02:48:15.589-[main] INFO  o.s.web.context.ContextLoader - Root WebApplicationContext: initialization completed in 946 ms
2020-05-28 02:48:15.668-[main] INFO  c.z.hikari.HikariDataSource - HikariPool-1 - Starting...
2020-05-28 02:48:15.730-[main] INFO  c.z.hikari.HikariDataSource - HikariPool-1 - Start completed.
2020-05-28 02:48:15.761-[main] INFO  o.h.j.internal.util.LogHelper - HHH000204: Processing PersistenceUnitInfo [
	name: default
	...]
2020-05-28 02:48:15.793-[main] INFO  org.hibernate.Version - HHH000412: Hibernate Core {5.3.7.Final}
2020-05-28 02:48:15.793-[main] INFO  org.hibernate.cfg.Environment - HHH000206: hibernate.properties not found
2020-05-28 02:48:15.871-[main] INFO  o.h.annotations.common.Version - HCANN000001: Hibernate Commons Annotations {5.0.4.Final}
2020-05-28 02:48:15.933-[main] INFO  org.hibernate.dialect.Dialect - HHH000400: Using dialect: org.hibernate.dialect.MySQL5Dialect
2020-05-28 02:48:16.614-[main] INFO  o.s.o.j.LocalContainerEntityManagerFactoryBean - Initialized JPA EntityManagerFactory for persistence unit 'default'
2020-05-28 02:48:16.955-[main] INFO  o.s.s.c.ThreadPoolTaskExecutor - Initializing ExecutorService 'applicationTaskExecutor'
2020-05-28 02:48:17.053-[main] INFO  o.s.b.a.w.s.WelcomePageHandlerMapping - Adding welcome page template: index
2020-05-28 02:48:17.107-[main] INFO  o.a.c.http11.Http11NioProtocol - Starting ProtocolHandler ["http-nio-9092"]
2020-05-28 02:48:17.121-[main] INFO  o.s.b.w.e.t.TomcatWebServer - Tomcat started on port(s): 9092 (http) with context path ''
2020-05-28 02:48:17.123-[main] INFO  com.sdt.dapp.DappApplication - Started DappApplication in 2.721 seconds (JVM running for 3.479)
2020-05-28 02:48:19.407-[http-nio-9092-exec-1] INFO  o.a.c.c.C.[.[localhost].[/] - Initializing Spring DispatcherServlet 'dispatcherServlet'
2020-05-28 02:48:19.408-[http-nio-9092-exec-1] INFO  o.s.w.s.DispatcherServlet - Initializing Servlet 'dispatcherServlet'
2020-05-28 02:48:19.412-[http-nio-9092-exec-1] INFO  o.s.w.s.DispatcherServlet - Completed initialization in 4 ms
2020-05-28 02:48:23.889-[http-nio-9092-exec-1] INFO  o.h.h.i.QueryTranslatorFactoryInitiator - HHH000397: Using ASTQueryTranslatorFactory
2020-05-28 02:49:04.257-[Thread-2] INFO  o.s.s.c.ThreadPoolTaskExecutor - Shutting down ExecutorService 'applicationTaskExecutor'
2020-05-28 02:49:04.260-[Thread-2] INFO  o.s.o.j.LocalContainerEntityManagerFactoryBean - Closing JPA EntityManagerFactory for persistence unit 'default'
2020-05-28 02:49:04.280-[Thread-2] INFO  c.z.hikari.HikariDataSource - HikariPool-1 - Shutdown initiated...
2020-05-28 02:49:04.285-[Thread-2] INFO  c.z.hikari.HikariDataSource - HikariPool-1 - Shutdown completed.
2020-05-28 02:49:05.276-[http-nio-9092-exec-9] INFO  c.z.hikari.HikariDataSource - HikariPool-2 - Starting...
2020-05-28 02:49:05.290-[http-nio-9092-exec-9] INFO  c.z.hikari.HikariDataSource - HikariPool-2 - Start completed.
2020-05-28 02:49:07.778-[main] INFO  com.sdt.dapp.DappApplication - Starting DappApplication on DESKTOP-7NFGT2P with PID 3512 (D:\javaProject\BankCertApp\target\classes started by sdt in D:\javaProject\BankCertApp)
2020-05-28 02:49:07.797-[main] INFO  com.sdt.dapp.DappApplication - No active profile set, falling back to default profiles: default
2020-05-28 02:49:08.222-[main] INFO  o.s.d.r.c.RepositoryConfigurationDelegate - Bootstrapping Spring Data repositories in DEFAULT mode.
2020-05-28 02:49:08.265-[main] INFO  o.s.d.r.c.RepositoryConfigurationDelegate - Finished Spring Data repository scanning in 39ms. Found 3 repository interfaces.
2020-05-28 02:49:08.448-[main] INFO  o.s.c.s.PostProcessorRegistrationDelegate$BeanPostProcessorChecker - Bean 'org.springframework.transaction.annotation.ProxyTransactionManagementConfiguration' of type [org.springframework.transaction.annotation.ProxyTransactionManagementConfiguration$$EnhancerBySpringCGLIB$$3045efe4] is not eligible for getting processed by all BeanPostProcessors (for example: not eligible for auto-proxying)
2020-05-28 02:49:08.635-[main] INFO  o.s.b.w.e.t.TomcatWebServer - Tomcat initialized with port(s): 9092 (http)
2020-05-28 02:49:08.651-[main] INFO  o.a.c.http11.Http11NioProtocol - Initializing ProtocolHandler ["http-nio-9092"]
2020-05-28 02:49:08.651-[main] INFO  o.a.c.core.StandardService - Starting service [Tomcat]
2020-05-28 02:49:08.651-[main] INFO  o.a.c.core.StandardEngine - Starting Servlet engine: [Apache Tomcat/9.0.16]
2020-05-28 02:49:08.651-[main] INFO  o.a.c.c.AprLifecycleListener - The APR based Apache Tomcat Native library which allows optimal performance in production environments was not found on the java.library.path: [C:\Program Files\Java\jdk-12.0.2\bin;C:\WINDOWS\Sun\Java\bin;C:\WINDOWS\system32;C:\WINDOWS;C:\Program Files\Java\jdk-12.0.2\\bin;C:\WINDOWS\system32;C:\WINDOWS;C:\WINDOWS\System32\Wbem;C:\WINDOWS\System32\WindowsPowerShell\v1.0\;C:\Program Files\IDM Computer Solutions\UltraEdit;C:\Program Files\Git\cmd;C:\Go\bin;C:\MinGW\bin;C:\Program Files\dotnet\;C:\Program Files\Microsoft SQL Server\130\Tools\Binn\;D:\goProject\src\protoc-3.9.0-win64\bin;C:\Program Files\VisualSVN Server\bin;C:\WINDOWS\System32\OpenSSH\;C:\Program Files\MySQL\MySQL Server 5.5\bin;C:\openssl\bin;C:\Users\sdt\AppData\Local\Microsoft\WindowsApps;C:\Program Files\JetBrains\GoLand 2019.1.3\bin;C:\Go\bin;C:\MinGW\bin;C:\Users\sdt\AppData\Local\BypassRuntm;C:\Users\sdt\AppData\Local\Microsoft\WindowsApps;E:\mysql-8.0.19-winx64\bin;C:\Program Files\JetBrains\IntelliJ IDEA 2019.2.3\bin;;;.]
2020-05-28 02:49:08.776-[main] INFO  o.a.c.c.C.[.[localhost].[/] - Initializing Spring embedded WebApplicationContext
2020-05-28 02:49:08.776-[main] INFO  o.s.web.context.ContextLoader - Root WebApplicationContext: initialization completed in 955 ms
2020-05-28 02:49:08.854-[main] INFO  c.z.hikari.HikariDataSource - HikariPool-1 - Starting...
2020-05-28 02:49:08.916-[main] INFO  c.z.hikari.HikariDataSource - HikariPool-1 - Start completed.
2020-05-28 02:49:08.932-[main] INFO  o.h.j.internal.util.LogHelper - HHH000204: Processing PersistenceUnitInfo [
	name: default
	...]
2020-05-28 02:49:08.963-[main] INFO  org.hibernate.Version - HHH000412: Hibernate Core {5.3.7.Final}
2020-05-28 02:49:08.963-[main] INFO  org.hibernate.cfg.Environment - HHH000206: hibernate.properties not found
2020-05-28 02:49:09.057-[main] INFO  o.h.annotations.common.Version - HCANN000001: Hibernate Commons Annotations {5.0.4.Final}
2020-05-28 02:49:09.119-[main] INFO  org.hibernate.dialect.Dialect - HHH000400: Using dialect: org.hibernate.dialect.MySQL5Dialect
2020-05-28 02:49:09.487-[main] INFO  o.s.o.j.LocalContainerEntityManagerFactoryBean - Initialized JPA EntityManagerFactory for persistence unit 'default'
2020-05-28 02:49:09.811-[main] INFO  o.s.s.c.ThreadPoolTaskExecutor - Initializing ExecutorService 'applicationTaskExecutor'
2020-05-28 02:49:09.905-[main] INFO  o.s.b.a.w.s.WelcomePageHandlerMapping - Adding welcome page template: index
2020-05-28 02:49:09.952-[main] INFO  o.a.c.http11.Http11NioProtocol - Starting ProtocolHandler ["http-nio-9092"]
2020-05-28 02:49:09.968-[main] INFO  o.s.b.w.e.t.TomcatWebServer - Tomcat started on port(s): 9092 (http) with context path ''
2020-05-28 02:49:09.968-[main] INFO  com.sdt.dapp.DappApplication - Started DappApplication in 2.388 seconds (JVM running for 3.051)
2020-05-28 02:49:14.647-[http-nio-9092-exec-1] INFO  o.a.c.c.C.[.[localhost].[/] - Initializing Spring DispatcherServlet 'dispatcherServlet'
2020-05-28 02:49:14.648-[http-nio-9092-exec-1] INFO  o.s.w.s.DispatcherServlet - Initializing Servlet 'dispatcherServlet'
2020-05-28 02:49:14.653-[http-nio-9092-exec-1] INFO  o.s.w.s.DispatcherServlet - Completed initialization in 4 ms
2020-05-28 02:49:19.177-[http-nio-9092-exec-1] INFO  o.h.h.i.QueryTranslatorFactoryInitiator - HHH000397: Using ASTQueryTranslatorFactory
2020-05-28 03:51:08.409-[Thread-2] INFO  o.s.s.c.ThreadPoolTaskExecutor - Shutting down ExecutorService 'applicationTaskExecutor'
2020-05-28 03:51:08.425-[Thread-2] INFO  o.s.o.j.LocalContainerEntityManagerFactoryBean - Closing JPA EntityManagerFactory for persistence unit 'default'
2020-05-28 03:51:08.440-[Thread-2] INFO  c.z.hikari.HikariDataSource - HikariPool-1 - Shutdown initiated...
2020-05-28 03:51:08.440-[Thread-2] INFO  c.z.hikari.HikariDataSource - HikariPool-1 - Shutdown completed.
